<?xml version="1.0" encoding="UTF-8"?>
<testsuite name="JUnit Jupiter" tests="2" skipped="0" failures="0" errors="0" time="0.074" hostname="MacBook-Pro-Nazarii.local" timestamp="2023-08-11T14:52:11">
<properties>
<property name="file.encoding" value="UTF-8"/>
<property name="file.separator" value="/"/>
<property name="ftp.nonProxyHosts" value="local|*.local|169.254/16|*.169.254/16"/>
<property name="http.nonProxyHosts" value="local|*.local|169.254/16|*.169.254/16"/>
<property name="java.class.path" value="/Users/nazar/IdeaProjects/homework-26-unit-tests/out/production/homework-26-unit-tests:/Users/nazar/IdeaProjects/homework-26-unit-tests/libs/junit-platform-console-standalone-1.10.0.jar"/>
<property name="java.class.version" value="61.0"/>
<property name="java.home" value="/Library/Java/JavaVirtualMachines/jdk-17.jdk/Contents/Home"/>
<property name="java.io.tmpdir" value="/var/folders/99/4hxvmsds45qc8dbc4bk33rxh0000gn/T/"/>
<property name="java.library.path" value="/Users/nazar/Library/Java/Extensions:/Library/Java/Extensions:/Network/Library/Java/Extensions:/System/Library/Java/Extensions:/usr/lib/java:."/>
<property name="java.runtime.name" value="Java(TM) SE Runtime Environment"/>
<property name="java.runtime.version" value="17.0.6+9-LTS-190"/>
<property name="java.specification.name" value="Java Platform API Specification"/>
<property name="java.specification.vendor" value="Oracle Corporation"/>
<property name="java.specification.version" value="17"/>
<property name="java.vendor" value="Oracle Corporation"/>
<property name="java.vendor.url" value="https://java.oracle.com/"/>
<property name="java.vendor.url.bug" value="https://bugreport.java.com/bugreport/"/>
<property name="java.version" value="17.0.6"/>
<property name="java.version.date" value="2023-01-17"/>
<property name="java.vm.compressedOopsMode" value="Zero based"/>
<property name="java.vm.info" value="mixed mode, sharing"/>
<property name="java.vm.name" value="Java HotSpot(TM) 64-Bit Server VM"/>
<property name="java.vm.specification.name" value="Java Virtual Machine Specification"/>
<property name="java.vm.specification.vendor" value="Oracle Corporation"/>
<property name="java.vm.specification.version" value="17"/>
<property name="java.vm.vendor" value="Oracle Corporation"/>
<property name="java.vm.version" value="17.0.6+9-LTS-190"/>
<property name="jdk.debug" value="release"/>
<property name="line.separator" value="
"/>
<property name="native.encoding" value="UTF-8"/>
<property name="os.arch" value="x86_64"/>
<property name="os.name" value="Mac OS X"/>
<property name="os.version" value="13.3.1"/>
<property name="path.separator" value=":"/>
<property name="socksNonProxyHosts" value="local|*.local|169.254/16|*.169.254/16"/>
<property name="sun.arch.data.model" value="64"/>
<property name="sun.boot.library.path" value="/Library/Java/JavaVirtualMachines/jdk-17.jdk/Contents/Home/lib"/>
<property name="sun.cpu.endian" value="little"/>
<property name="sun.io.unicode.encoding" value="UnicodeBig"/>
<property name="sun.java.command" value="ua.ithillel.test.Main"/>
<property name="sun.java.launcher" value="SUN_STANDARD"/>
<property name="sun.jnu.encoding" value="UTF-8"/>
<property name="sun.management.compiler" value="HotSpot 64-Bit Tiered Compilers"/>
<property name="user.country" value="UA"/>
<property name="user.dir" value="/Users/nazar/IdeaProjects/homework-26-unit-tests"/>
<property name="user.home" value="/Users/nazar"/>
<property name="user.language" value="uk"/>
<property name="user.name" value="nazar"/>
<property name="user.timezone" value="Europe/Kiev"/>
</properties>
<testcase name="subtractTest_success()" classname="ua.ithillel.test.tests.SimpleMathLibraryTest" time="0.001">
<system-out><![CDATA[
unique-id: [engine:junit-jupiter]/[class:ua.ithillel.test.SimpleMathLibraryTest]/[method:subtractTest_success()]
display-name: subtractTest_success()
]]></system-out>
</testcase>
<testcase name="addTest_success()" classname="ua.ithillel.test.tests.SimpleMathLibraryTest" time="0.023">
<system-out><![CDATA[
unique-id: [engine:junit-jupiter]/[class:ua.ithillel.test.SimpleMathLibraryTest]/[method:addTest_success()]
display-name: addTest_success()
]]></system-out>
</testcase>
<system-out><![CDATA[
unique-id: [engine:junit-jupiter]
display-name: JUnit Jupiter
]]></system-out>
</testsuite>
