<component name="libraryTable">
  <library name="junit-platform-console-standalone-1.10.0">
    <CLASSES>
      <root url="jar://$PROJECT_DIR$/libs/junit-platform-console-standalone-1.10.0.jar!/" />
    </CLASSES>
    <JAVADOC />
    <SOURCES />
  </library>
</component>